0 info it worked if it ends with ok
1 verbose cli [ '/Users/dannyongtey/.nvm/versions/node/v6.17.1/bin/node',
1 verbose cli   '/Users/dannyongtey/.nvm/versions/node/v6.17.1/bin/npm',
1 verbose cli   'start' ]
2 info using npm@3.10.10
3 info using node@v6.17.1
4 verbose run-script [ 'prestart', 'start', 'poststart' ]
5 info lifecycle react-template@1.0.0~prestart: react-template@1.0.0
6 silly lifecycle react-template@1.0.0~prestart: no script for prestart, continuing
7 info lifecycle react-template@1.0.0~start: react-template@1.0.0
8 verbose lifecycle react-template@1.0.0~start: unsafe-perm in lifecycle true
9 verbose lifecycle react-template@1.0.0~start: PATH: /Users/dannyongtey/.nvm/versions/node/v6.17.1/lib/node_modules/npm/bin/node-gyp-bin:/Users/dannyongtey/Documents/repos/vlib/vlib-frontend/node_modules/.bin:/Users/dannyongtey/Downloads/google-cloud-sdk/bin:/Users/dannyongtey/.nvm/versions/node/v6.17.1/bin:/usr/local/bin:/usr/bin:/bin:/usr/sbin:/sbin:/Users/dannyongtey/developments/flutter/bin
10 verbose lifecycle react-template@1.0.0~start: CWD: /Users/dannyongtey/Documents/repos/vlib/vlib-frontend
11 silly lifecycle react-template@1.0.0~start: Args: [ '-c',
11 silly lifecycle   'webpack-dev-server --config ./internals/webpack/webpack.config.js --mode=development' ]
12 info lifecycle react-template@1.0.0~start: Failed to exec start script
13 verbose stack Error: react-template@1.0.0 start: `webpack-dev-server --config ./internals/webpack/webpack.config.js --mode=development`
13 verbose stack spawn ENOENT
13 verbose stack     at ChildProcess.<anonymous> (/Users/dannyongtey/.nvm/versions/node/v6.17.1/lib/node_modules/npm/lib/utils/spawn.js:33:16)
13 verbose stack     at emitTwo (events.js:106:13)
13 verbose stack     at ChildProcess.emit (events.js:191:7)
13 verbose stack     at maybeClose (internal/child_process.js:920:16)
13 verbose stack     at Process.ChildProcess._handle.onexit (internal/child_process.js:230:5)
14 verbose pkgid react-template@1.0.0
15 verbose cwd /Users/dannyongtey/Documents/repos/vlib/vlib-frontend
16 error Darwin 18.6.0
17 error argv "/Users/dannyongtey/.nvm/versions/node/v6.17.1/bin/node" "/Users/dannyongtey/.nvm/versions/node/v6.17.1/bin/npm" "start"
18 error node v6.17.1
19 error npm  v3.10.10
20 error file sh
21 error code ELIFECYCLE
22 error errno ENOENT
23 error syscall spawn
24 error react-template@1.0.0 start: `webpack-dev-server --config ./internals/webpack/webpack.config.js --mode=development`
24 error spawn ENOENT
25 error Failed at the react-template@1.0.0 start script 'webpack-dev-server --config ./internals/webpack/webpack.config.js --mode=development'.
25 error Make sure you have the latest version of node.js and npm installed.
25 error If you do, this is most likely a problem with the react-template package,
25 error not with npm itself.
25 error Tell the author that this fails on your system:
25 error     webpack-dev-server --config ./internals/webpack/webpack.config.js --mode=development
25 error You can get information on how to open an issue for this project with:
25 error     npm bugs react-template
25 error Or if that isn't available, you can get their info via:
25 error     npm owner ls react-template
25 error There is likely additional logging output above.
26 verbose exit [ 1, true ]
